d:\octavio\tesis\codigo\eunomia\cuda_3dvis_lb\cuda_3dvis\debug\lattice.obj
d:\octavio\tesis\codigo\eunomia\cuda_3dvis_lb\cuda_3dvis\debug\latticeelement.obj
d:\octavio\tesis\codigo\eunomia\cuda_3dvis_lb\cuda_3dvis\debug\main.obj
d:\octavio\tesis\codigo\eunomia\cuda_3dvis_lb\cuda_3dvis\debug\vc110.pdb
d:\octavio\tesis\codigo\eunomia\cuda_3dvis_lb\debug\cuda_3dvis_lb.ilk
d:\octavio\tesis\codigo\eunomia\cuda_3dvis_lb\debug\cuda_3dvis_lb.exe
d:\octavio\tesis\codigo\eunomia\cuda_3dvis_lb\debug\cuda_3dvis_lb.pdb
d:\octavio\tesis\codigo\eunomia\cuda_3dvis_lb\cuda_3dvis\debug\simplekernelvbo.cu.cache
d:\octavio\tesis\codigo\eunomia\cuda_3dvis_lb\cuda_3dvis\debug\simplekernelvbo.cu.obj
d:\octavio\tesis\codigo\eunomia\cuda_3dvis_lb\cuda_3dvis\debug\cl.command.1.tlog
d:\octavio\tesis\codigo\eunomia\cuda_3dvis_lb\cuda_3dvis\debug\cl.read.1.tlog
d:\octavio\tesis\codigo\eunomia\cuda_3dvis_lb\cuda_3dvis\debug\cl.write.1.tlog
d:\octavio\tesis\codigo\eunomia\cuda_3dvis_lb\cuda_3dvis\debug\link-cvtres.read.1.tlog
d:\octavio\tesis\codigo\eunomia\cuda_3dvis_lb\cuda_3dvis\debug\link-cvtres.write.1.tlog
d:\octavio\tesis\codigo\eunomia\cuda_3dvis_lb\cuda_3dvis\debug\link-rc.read.1.tlog
d:\octavio\tesis\codigo\eunomia\cuda_3dvis_lb\cuda_3dvis\debug\link-rc.write.1.tlog
d:\octavio\tesis\codigo\eunomia\cuda_3dvis_lb\cuda_3dvis\debug\link.command.1.tlog
d:\octavio\tesis\codigo\eunomia\cuda_3dvis_lb\cuda_3dvis\debug\link.read.1.tlog
d:\octavio\tesis\codigo\eunomia\cuda_3dvis_lb\cuda_3dvis\debug\link.write.1.tlog
d:\octavio\tesis\codigo\eunomia\cuda_3dvis_lb\cuda_3dvis\debug\vc110.idb
