C:\USERS\ALIENWARE2\DESKTOP\SERGIO\CUDA_3DVIS\CUDA_3DVIS\DEBUG\MAIN.OBJ
C:\USERS\ALIENWARE2\DESKTOP\SERGIO\CUDA_3DVIS\CUDA_3DVIS\DEBUG\VC110.PDB
D:\OCTAVIO\TESIS\CODIGO\EUNOMIA\CUDA_3DVIS\CUDA_3DVIS\DEBUG\MAIN.OBJ
D:\OCTAVIO\TESIS\CODIGO\EUNOMIA\CUDA_3DVIS\CUDA_3DVIS\DEBUG\VC110.PDB
C:\USERS\ALIENWARE2\DESKTOP\SERGIO\CUDA_3DVIS\DEBUG\CUDA_3DVIS.ILK
C:\USERS\ALIENWARE2\DESKTOP\SERGIO\CUDA_3DVIS\DEBUG\CUDA_3DVIS.EXE
C:\USERS\ALIENWARE2\DESKTOP\SERGIO\CUDA_3DVIS\DEBUG\CUDA_3DVIS.PDB
D:\OCTAVIO\TESIS\CODIGO\EUNOMIA\CUDA_3DVIS\DEBUG\CUDA_3DVIS.ILK
D:\OCTAVIO\TESIS\CODIGO\EUNOMIA\CUDA_3DVIS\DEBUG\CUDA_3DVIS.EXE
D:\OCTAVIO\TESIS\CODIGO\EUNOMIA\CUDA_3DVIS\DEBUG\CUDA_3DVIS.PDB
D:\Octavio\Tesis\Codigo\Eunomia\CUDA_3DVIS\CUDA_3DVIS\Debug\simpleKernelVBO.cu.cache
D:\Octavio\Tesis\Codigo\Eunomia\CUDA_3DVIS\CUDA_3DVIS\Debug\main.obj
D:\Octavio\Tesis\Codigo\Eunomia\CUDA_3DVIS\CUDA_3DVIS\Debug\simpleKernelVBO.cu.obj
D:\Octavio\Tesis\Codigo\Eunomia\CUDA_3DVIS\CUDA_3DVIS\Debug\cl.command.1.tlog
D:\Octavio\Tesis\Codigo\Eunomia\CUDA_3DVIS\CUDA_3DVIS\Debug\CL.read.1.tlog
D:\Octavio\Tesis\Codigo\Eunomia\CUDA_3DVIS\CUDA_3DVIS\Debug\CL.write.1.tlog
D:\Octavio\Tesis\Codigo\Eunomia\CUDA_3DVIS\CUDA_3DVIS\Debug\link-cvtres.read.1.tlog
D:\Octavio\Tesis\Codigo\Eunomia\CUDA_3DVIS\CUDA_3DVIS\Debug\link-cvtres.write.1.tlog
D:\Octavio\Tesis\Codigo\Eunomia\CUDA_3DVIS\CUDA_3DVIS\Debug\link-rc.read.1.tlog
D:\Octavio\Tesis\Codigo\Eunomia\CUDA_3DVIS\CUDA_3DVIS\Debug\link-rc.write.1.tlog
D:\Octavio\Tesis\Codigo\Eunomia\CUDA_3DVIS\CUDA_3DVIS\Debug\link.command.1.tlog
D:\Octavio\Tesis\Codigo\Eunomia\CUDA_3DVIS\CUDA_3DVIS\Debug\link.read.1.tlog
D:\Octavio\Tesis\Codigo\Eunomia\CUDA_3DVIS\CUDA_3DVIS\Debug\link.write.1.tlog
D:\Octavio\Tesis\Codigo\Eunomia\CUDA_3DVIS\CUDA_3DVIS\Debug\vc110.idb
D:\Octavio\Tesis\Codigo\Eunomia\CUDA_3DVIS\CUDA_3DVIS\Debug\vc110.pdb
D:\Octavio\Tesis\Codigo\Eunomia\CUDA_3DVIS\Debug\CUDA_3DVIS.pdb
D:\Octavio\Tesis\Codigo\Eunomia\CUDA_3DVIS\Debug\CUDA_3DVIS.exe
D:\Octavio\Tesis\Codigo\Eunomia\CUDA_3DVIS\Debug\CUDA_3DVIS.ilk
