C:\USERS\ALIENWARE2\DESKTOP\SERGIO\CUDA_3DVIS\CUDA_3DVIS\DEBUG\MAIN.OBJ
C:\USERS\ALIENWARE2\DESKTOP\SERGIO\CUDA_3DVIS\CUDA_3DVIS\DEBUG\VC110.PDB
C:\USERS\ALIENWARE2\DESKTOP\SERGIO\CUDA_3DVIS\DEBUG\CUDA_3DVIS.ILK
C:\USERS\ALIENWARE2\DESKTOP\SERGIO\CUDA_3DVIS\DEBUG\CUDA_3DVIS.EXE
C:\USERS\ALIENWARE2\DESKTOP\SERGIO\CUDA_3DVIS\DEBUG\CUDA_3DVIS.PDB
C:\Users\Alienware2\Desktop\SERGIO\CUDA_3DVIS\CUDA_3DVIS\Debug\simpleKernelVBO.cu.cache
C:\Users\Alienware2\Desktop\SERGIO\CUDA_3DVIS\CUDA_3DVIS\Debug\main.obj
C:\Users\Alienware2\Desktop\SERGIO\CUDA_3DVIS\CUDA_3DVIS\Debug\simpleKernelVBO.cu.obj
C:\Users\Alienware2\Desktop\SERGIO\CUDA_3DVIS\CUDA_3DVIS\Debug\cl.command.1.tlog
C:\Users\Alienware2\Desktop\SERGIO\CUDA_3DVIS\CUDA_3DVIS\Debug\CL.read.1.tlog
C:\Users\Alienware2\Desktop\SERGIO\CUDA_3DVIS\CUDA_3DVIS\Debug\CL.write.1.tlog
C:\Users\Alienware2\Desktop\SERGIO\CUDA_3DVIS\CUDA_3DVIS\Debug\link-cvtres.read.1.tlog
C:\Users\Alienware2\Desktop\SERGIO\CUDA_3DVIS\CUDA_3DVIS\Debug\link-cvtres.write.1.tlog
C:\Users\Alienware2\Desktop\SERGIO\CUDA_3DVIS\CUDA_3DVIS\Debug\link-rc.read.1.tlog
C:\Users\Alienware2\Desktop\SERGIO\CUDA_3DVIS\CUDA_3DVIS\Debug\link-rc.write.1.tlog
C:\Users\Alienware2\Desktop\SERGIO\CUDA_3DVIS\CUDA_3DVIS\Debug\link.command.1.tlog
C:\Users\Alienware2\Desktop\SERGIO\CUDA_3DVIS\CUDA_3DVIS\Debug\link.read.1.tlog
C:\Users\Alienware2\Desktop\SERGIO\CUDA_3DVIS\CUDA_3DVIS\Debug\link.write.1.tlog
C:\Users\Alienware2\Desktop\SERGIO\CUDA_3DVIS\CUDA_3DVIS\Debug\vc110.idb
C:\Users\Alienware2\Desktop\SERGIO\CUDA_3DVIS\CUDA_3DVIS\Debug\vc110.pdb
C:\Users\Alienware2\Desktop\SERGIO\CUDA_3DVIS\Debug\CUDA_3DVIS.pdb
C:\Users\Alienware2\Desktop\SERGIO\CUDA_3DVIS\Debug\CUDA_3DVIS.exe
C:\Users\Alienware2\Desktop\SERGIO\CUDA_3DVIS\Debug\CUDA_3DVIS.ilk
