D:\OCTAVIO\TESIS\CODIGO\EUNOMIA\LBMC3D\LBMC3D\DEBUG\3DLB_C.OBJ
D:\OCTAVIO\TESIS\CODIGO\EUNOMIA\LBMC3D\LBMC3D\DEBUG\LB_3D.OBJ
D:\OCTAVIO\TESIS\CODIGO\EUNOMIA\LBMC3D\LBMC3D\DEBUG\VC110.PDB
D:\OCTAVIO\TESIS\CODIGO\EUNOMIA\LBMC3D\DEBUG\LBMC3D.ILK
D:\OCTAVIO\TESIS\CODIGO\EUNOMIA\LBMC3D\DEBUG\LBMC3D.EXE
D:\OCTAVIO\TESIS\CODIGO\EUNOMIA\LBMC3D\DEBUG\LBMC3D.PDB
D:\Octavio\Tesis\Codigo\Eunomia\LBMC3D\LBMC3D\Debug\3dLB_C.obj
D:\Octavio\Tesis\Codigo\Eunomia\LBMC3D\LBMC3D\Debug\LB_3d.obj
D:\Octavio\Tesis\Codigo\Eunomia\LBMC3D\LBMC3D\Debug\cl.command.1.tlog
D:\Octavio\Tesis\Codigo\Eunomia\LBMC3D\LBMC3D\Debug\CL.read.1.tlog
D:\Octavio\Tesis\Codigo\Eunomia\LBMC3D\LBMC3D\Debug\CL.write.1.tlog
D:\Octavio\Tesis\Codigo\Eunomia\LBMC3D\LBMC3D\Debug\link-cvtres.read.1.tlog
D:\Octavio\Tesis\Codigo\Eunomia\LBMC3D\LBMC3D\Debug\link-cvtres.write.1.tlog
D:\Octavio\Tesis\Codigo\Eunomia\LBMC3D\LBMC3D\Debug\link-rc.read.1.tlog
D:\Octavio\Tesis\Codigo\Eunomia\LBMC3D\LBMC3D\Debug\link-rc.write.1.tlog
D:\Octavio\Tesis\Codigo\Eunomia\LBMC3D\LBMC3D\Debug\link.1252-cvtres.read.1.tlog
D:\Octavio\Tesis\Codigo\Eunomia\LBMC3D\LBMC3D\Debug\link.1252-cvtres.write.1.tlog
D:\Octavio\Tesis\Codigo\Eunomia\LBMC3D\LBMC3D\Debug\link.1252-rc.read.1.tlog
D:\Octavio\Tesis\Codigo\Eunomia\LBMC3D\LBMC3D\Debug\link.1252-rc.write.1.tlog
D:\Octavio\Tesis\Codigo\Eunomia\LBMC3D\LBMC3D\Debug\link.1252.read.1.tlog
D:\Octavio\Tesis\Codigo\Eunomia\LBMC3D\LBMC3D\Debug\link.1252.write.1.tlog
D:\Octavio\Tesis\Codigo\Eunomia\LBMC3D\LBMC3D\Debug\link.5504-cvtres.read.1.tlog
D:\Octavio\Tesis\Codigo\Eunomia\LBMC3D\LBMC3D\Debug\link.5504-cvtres.write.1.tlog
D:\Octavio\Tesis\Codigo\Eunomia\LBMC3D\LBMC3D\Debug\link.5504-rc.read.1.tlog
D:\Octavio\Tesis\Codigo\Eunomia\LBMC3D\LBMC3D\Debug\link.5504-rc.write.1.tlog
D:\Octavio\Tesis\Codigo\Eunomia\LBMC3D\LBMC3D\Debug\link.5504.read.1.tlog
D:\Octavio\Tesis\Codigo\Eunomia\LBMC3D\LBMC3D\Debug\link.5504.write.1.tlog
D:\Octavio\Tesis\Codigo\Eunomia\LBMC3D\LBMC3D\Debug\link.command.1.tlog
D:\Octavio\Tesis\Codigo\Eunomia\LBMC3D\LBMC3D\Debug\link.read.1.tlog
D:\Octavio\Tesis\Codigo\Eunomia\LBMC3D\LBMC3D\Debug\link.write.1.tlog
D:\Octavio\Tesis\Codigo\Eunomia\LBMC3D\LBMC3D\Debug\vc110.idb
D:\Octavio\Tesis\Codigo\Eunomia\LBMC3D\LBMC3D\Debug\vc110.pdb
D:\Octavio\Tesis\Codigo\Eunomia\LBMC3D\Debug\LBMC3D.pdb
D:\Octavio\Tesis\Codigo\Eunomia\LBMC3D\Debug\LBMC3D.exe
D:\Octavio\Tesis\Codigo\Eunomia\LBMC3D\Debug\LBMC3D.ilk
